  main.cpp
  fish.cpp
D:\MyCoding\Qtcoding\BigSmallFish_myhomework\SuperMary_myhomework\main.cpp(1,1): warning C4819: 该文件包含不能在当前代码页(936)中表示的字符。请将该文件保存为 Unicode 格式以防止数据丢失
D:\MyCoding\Qtcoding\BigSmallFish_myhomework\SuperMary_myhomework\gamewidget.h(1,1): warning C4819: 该文件包含不能在当前代码页(936)中表示的字符。请将该文件保存为 Unicode 格式以防止数据丢失
  playerfish.cpp
  (编译源文件“main.cpp”)
  
D:\MyCoding\Qtcoding\BigSmallFish_myhomework\SuperMary_myhomework\enemyfish.h(1,1): warning C4819: 该文件包含不能在当前代码页(936)中表示的字符。请将该文件保存为 Unicode 格式以防止数据丢失
  (编译源文件“main.cpp”)
  
D:\MyCoding\Qtcoding\BigSmallFish_myhomework\SuperMary_myhomework\fish.h(1,1): warning C4819: 该文件包含不能在当前代码页(936)中表示的字符。请将该文件保存为 Unicode 格式以防止数据丢失
  (编译源文件“main.cpp”)
  
D:\MyCoding\Qtcoding\BigSmallFish_myhomework\SuperMary_myhomework\fish.h(4,10): error C1083: 无法打开包括文件: “QColor”: No such file or directory
  (编译源文件“main.cpp”)
  
D:\MyCoding\Qtcoding\BigSmallFish_myhomework\SuperMary_myhomework\fish.cpp(1,1): warning C4819: 该文件包含不能在当前代码页(936)中表示的字符。请将该文件保存为 Unicode 格式以防止数据丢失
D:\MyCoding\Qtcoding\BigSmallFish_myhomework\SuperMary_myhomework\fish.h(1,1): warning C4819: 该文件包含不能在当前代码页(936)中表示的字符。请将该文件保存为 Unicode 格式以防止数据丢失
  (编译源文件“fish.cpp”)
  
D:\MyCoding\Qtcoding\BigSmallFish_myhomework\SuperMary_myhomework\fish.h(4,10): error C1083: 无法打开包括文件: “QColor”: No such file or directory
  (编译源文件“fish.cpp”)
  
D:\MyCoding\Qtcoding\BigSmallFish_myhomework\SuperMary_myhomework\playerfish.h(1,1): warning C4819: 该文件包含不能在当前代码页(936)中表示的字符。请将该文件保存为 Unicode 格式以防止数据丢失
  (编译源文件“playerfish.cpp”)
  
D:\MyCoding\Qtcoding\BigSmallFish_myhomework\SuperMary_myhomework\fish.h(1,1): warning C4819: 该文件包含不能在当前代码页(936)中表示的字符。请将该文件保存为 Unicode 格式以防止数据丢失
  (编译源文件“playerfish.cpp”)
  
D:\MyCoding\Qtcoding\BigSmallFish_myhomework\SuperMary_myhomework\fish.h(4,10): error C1083: 无法打开包括文件: “QColor”: No such file or directory
  (编译源文件“playerfish.cpp”)
  
  enemyfish.cpp
D:\MyCoding\Qtcoding\BigSmallFish_myhomework\SuperMary_myhomework\enemyfish.h(1,1): warning C4819: 该文件包含不能在当前代码页(936)中表示的字符。请将该文件保存为 Unicode 格式以防止数据丢失
  (编译源文件“enemyfish.cpp”)
  
D:\MyCoding\Qtcoding\BigSmallFish_myhomework\SuperMary_myhomework\fish.h(1,1): warning C4819: 该文件包含不能在当前代码页(936)中表示的字符。请将该文件保存为 Unicode 格式以防止数据丢失
  (编译源文件“enemyfish.cpp”)
  
D:\MyCoding\Qtcoding\BigSmallFish_myhomework\SuperMary_myhomework\fish.h(4,10): error C1083: 无法打开包括文件: “QColor”: No such file or directory
  (编译源文件“enemyfish.cpp”)
  
  gamewidget.cpp
D:\MyCoding\Qtcoding\BigSmallFish_myhomework\SuperMary_myhomework\gamewidget.cpp(1,1): warning C4819: 该文件包含不能在当前代码页(936)中表示的字符。请将该文件保存为 Unicode 格式以防止数据丢失
D:\MyCoding\Qtcoding\BigSmallFish_myhomework\SuperMary_myhomework\gamewidget.h(1,1): warning C4819: 该文件包含不能在当前代码页(936)中表示的字符。请将该文件保存为 Unicode 格式以防止数据丢失
  (编译源文件“gamewidget.cpp”)
  
D:\MyCoding\Qtcoding\BigSmallFish_myhomework\SuperMary_myhomework\enemyfish.h(1,1): warning C4819: 该文件包含不能在当前代码页(936)中表示的字符。请将该文件保存为 Unicode 格式以防止数据丢失
  (编译源文件“gamewidget.cpp”)
  
D:\MyCoding\Qtcoding\BigSmallFish_myhomework\SuperMary_myhomework\fish.h(1,1): warning C4819: 该文件包含不能在当前代码页(936)中表示的字符。请将该文件保存为 Unicode 格式以防止数据丢失
  (编译源文件“gamewidget.cpp”)
  
D:\MyCoding\Qtcoding\BigSmallFish_myhomework\SuperMary_myhomework\fish.h(4,10): error C1083: 无法打开包括文件: “QColor”: No such file or directory
  (编译源文件“gamewidget.cpp”)
  
  正在生成代码...
